
BEGIN DEBUG SESSION 
┌───────────────────────────────┐Changed from: xs = (2 3)
│┌────────┐Changed from: foo = 6│
││foo = 13│                     │
│└────────┘                     │
├───────────────────────────────┘
├─"doc/sync_to_md.ml":23:73
├─┬─────────────────────────────────┐Changed from: xs = (2 3)
│ │<function -- branch 1> :: (x, xs)│
│ └─────────────────────────────────┘
├─x = 1
├─┬────────────┐Changed from: xs = (2 3)
│ │xs = (5 3 4)│
│ └────────────┘
└─┬─────────────────────────────────┐Changed from: x = 2
  │┌────────┐Inserted in current run│
  ││foo = 12│                       │
  │└────────┘                       │
  ├─────────────────────────────────┘
  ├─"doc/sync_to_md.ml":23:73
  ├─┬─────────────────────────────────┐Changed from: x = 2
  │ │<function -- branch 1> :: (x, xs)│
  │ └─────────────────────────────────┘
  ├─┬─────┐Changed from: x = 2
  │ │x = 5│
  │ └─────┘
  ├─┬──────────┐Changed from: xs = 3
  │ │xs = (3 4)│
  │ └──────────┘
  └─┬──────────────────────────────┐Inserted in current run
    │┌───────┐Changed from: foo = 5│
    ││foo = 7│                     │
    │└───────┘                     │
    ├──────────────────────────────┘
    ├─"doc/sync_to_md.ml":23:73
    ├─┬─────────────────────────────────┐Inserted in current run
    │ │<function -- branch 1> :: (x, xs)│
    │ └─────────────────────────────────┘
    ├─x = 3
    ├─┬──────┐Inserted in current run
    │ │xs = 4│
    │ └──────┘
    └─┬──────────────────────────────┐Inserted in current run
      │┌───────┐Changed from: foo = 3│
      ││foo = 4│                     │
      │└───────┘                     │
      ├──────────────────────────────┘
      ├─"doc/sync_to_md.ml":23:73
      ├─┬─────────────────────────────────┐Inserted in current run
      │ │<function -- branch 1> :: (x, xs)│
      │ └─────────────────────────────────┘
      ├─┬─────┐Inserted in current run
      │ │x = 4│
      │ └─────┘
      ├─xs
      └─foo = 0
        ├─"doc/sync_to_md.ml":23:58
        └─<function -- branch 0> []
