
BEGIN DEBUG SESSION 
в”Ңв”Җв”Җв”Җв”Җв”Җв”Җв”Җв”Җв”Җв”Җв”Җв”Җв”Җв”Җв”Җв”Җв”Җв”Җв”Җв”Җв”Җв”Җв”Җв”Җв”Җв”Җв”Җв”Җв”Җв”Җв”Җв”җChanged from: xs = (2 3)
в”Ӯв”Ңв”Җв”Җв”Җв”Җв”Җв”Җв”Җв”Җв”җChanged from: foo = 6в”Ӯ
в”Ӯв”Ӯfoo = 13в”Ӯ                     в”Ӯ
в”Ӯв””в”Җв”Җв”Җв”Җв”Җв”Җв”Җв”Җв”ҳ                     в”Ӯ
в”ңв”Җв”Җв”Җв”Җв”Җв”Җв”Җв”Җв”Җв”Җв”Җв”Җв”Җв”Җв”Җв”Җв”Җв”Җв”Җв”Җв”Җв”Җв”Җв”Җв”Җв”Җв”Җв”Җв”Җв”Җв”Җв”ҳ
в”ңв”Җ"docs/sync_to_md.ml":23:73
в”ңв”Җв”¬в”Җв”Җв”Җв”Җв”Җв”Җв”Җв”Җв”Җв”Җв”Җв”Җв”Җв”Җв”Җв”Җв”Җв”Җв”Җв”Җв”Җв”Җв”Җв”Җв”Җв”Җв”Җв”Җв”Җв”Җв”Җв”Җв”Җв”җChanged from: xs = (2 3)
в”Ӯ в”Ӯ<function -- branch 1> :: (x, xs)в”Ӯ
в”Ӯ в””в”Җв”Җв”Җв”Җв”Җв”Җв”Җв”Җв”Җв”Җв”Җв”Җв”Җв”Җв”Җв”Җв”Җв”Җв”Җв”Җв”Җв”Җв”Җв”Җв”Җв”Җв”Җв”Җв”Җв”Җв”Җв”Җв”Җв”ҳ
в”ңв”Җx = 1
в”ңв”Җв”¬в”Җв”Җв”Җв”Җв”Җв”Җв”Җв”Җв”Җв”Җв”Җв”Җв”җChanged from: xs = (2 3)
в”Ӯ в”Ӯxs = (5 3 4)в”Ӯ
в”Ӯ в””в”Җв”Җв”Җв”Җв”Җв”Җв”Җв”Җв”Җв”Җв”Җв”Җв”ҳ
в””в”Җв”¬в”Җв”Җв”Җв”Җв”Җв”Җв”Җв”Җв”Җв”Җв”Җв”Җв”Җв”Җв”Җв”Җв”Җв”Җв”Җв”Җв”Җв”Җв”Җв”Җв”Җв”Җв”Җв”Җв”Җв”Җв”Җв”Җв”Җв”җChanged from: x = 2
  в”Ӯв”Ңв”Җв”Җв”Җв”Җв”Җв”Җв”Җв”Җв”җInserted in current runв”Ӯ
  в”Ӯв”Ӯfoo = 12в”Ӯ                       в”Ӯ
  в”Ӯв””в”Җв”Җв”Җв”Җв”Җв”Җв”Җв”Җв”ҳ                       в”Ӯ
  в”ңв”Җв”Җв”Җв”Җв”Җв”Җв”Җв”Җв”Җв”Җв”Җв”Җв”Җв”Җв”Җв”Җв”Җв”Җв”Җв”Җв”Җв”Җв”Җв”Җв”Җв”Җв”Җв”Җв”Җв”Җв”Җв”Җв”Җв”ҳ
  в”ңв”Җ"docs/sync_to_md.ml":23:73
  в”ңв”Җв”¬в”Җв”Җв”Җв”Җв”Җв”Җв”Җв”Җв”Җв”Җв”Җв”Җв”Җв”Җв”Җв”Җв”Җв”Җв”Җв”Җв”Җв”Җв”Җв”Җв”Җв”Җв”Җв”Җв”Җв”Җв”Җв”Җв”Җв”җChanged from: x = 2
  в”Ӯ в”Ӯ<function -- branch 1> :: (x, xs)в”Ӯ
  в”Ӯ в””в”Җв”Җв”Җв”Җв”Җв”Җв”Җв”Җв”Җв”Җв”Җв”Җв”Җв”Җв”Җв”Җв”Җв”Җв”Җв”Җв”Җв”Җв”Җв”Җв”Җв”Җв”Җв”Җв”Җв”Җв”Җв”Җв”Җв”ҳ
  в”ңв”Җв”¬в”Җв”Җв”Җв”Җв”Җв”җChanged from: x = 2
  в”Ӯ в”Ӯx = 5в”Ӯ
  в”Ӯ в””в”Җв”Җв”Җв”Җв”Җв”ҳ
  в”ңв”Җв”¬в”Җв”Җв”Җв”Җв”Җв”Җв”Җв”Җв”Җв”Җв”җChanged from: xs = 3
  в”Ӯ в”Ӯxs = (3 4)в”Ӯ
  в”Ӯ в””в”Җв”Җв”Җв”Җв”Җв”Җв”Җв”Җв”Җв”Җв”ҳ
  в””в”Җв”¬в”Җв”Җв”Җв”Җв”Җв”Җв”Җв”Җв”Җв”Җв”Җв”Җв”Җв”Җв”Җв”Җв”Җв”Җв”Җв”Җв”Җв”Җв”Җв”Җв”Җв”Җв”Җв”Җв”Җв”Җв”җInserted in current run
    в”Ӯв”Ңв”Җв”Җв”Җв”Җв”Җв”Җв”Җв”җChanged from: foo = 5в”Ӯ
    в”Ӯв”Ӯfoo = 7в”Ӯ                     в”Ӯ
    в”Ӯв””в”Җв”Җв”Җв”Җв”Җв”Җв”Җв”ҳ                     в”Ӯ
    в”ңв”Җв”Җв”Җв”Җв”Җв”Җв”Җв”Җв”Җв”Җв”Җв”Җв”Җв”Җв”Җв”Җв”Җв”Җв”Җв”Җв”Җв”Җв”Җв”Җв”Җв”Җв”Җв”Җв”Җв”Җв”ҳ
    в”ңв”Җ"docs/sync_to_md.ml":23:73
    в”ңв”Җв”¬в”Җв”Җв”Җв”Җв”Җв”Җв”Җв”Җв”Җв”Җв”Җв”Җв”Җв”Җв”Җв”Җв”Җв”Җв”Җв”Җв”Җв”Җв”Җв”Җв”Җв”Җв”Җв”Җв”Җв”Җв”Җв”Җв”Җв”җInserted in current run
    в”Ӯ в”Ӯ<function -- branch 1> :: (x, xs)в”Ӯ
    в”Ӯ в””в”Җв”Җв”Җв”Җв”Җв”Җв”Җв”Җв”Җв”Җв”Җв”Җв”Җв”Җв”Җв”Җв”Җв”Җв”Җв”Җв”Җв”Җв”Җв”Җв”Җв”Җв”Җв”Җв”Җв”Җв”Җв”Җв”Җв”ҳ
    в”ңв”Җx = 3
    в”ңв”Җв”¬в”Җв”Җв”Җв”Җв”Җв”Җв”җInserted in current run
    в”Ӯ в”Ӯxs = 4в”Ӯ
    в”Ӯ в””в”Җв”Җв”Җв”Җв”Җв”Җв”ҳ
    в””в”Җв”¬в”Җв”Җв”Җв”Җв”Җв”Җв”Җв”Җв”Җв”Җв”Җв”Җв”Җв”Җв”Җв”Җв”Җв”Җв”Җв”Җв”Җв”Җв”Җв”Җв”Җв”Җв”Җв”Җв”Җв”Җв”җInserted in current run
      в”Ӯв”Ңв”Җв”Җв”Җв”Җв”Җв”Җв”Җв”җChanged from: foo = 3в”Ӯ
      в”Ӯв”Ӯfoo = 4в”Ӯ                     в”Ӯ
      в”Ӯв””в”Җв”Җв”Җв”Җв”Җв”Җв”Җв”ҳ                     в”Ӯ
      в”ңв”Җв”Җв”Җв”Җв”Җв”Җв”Җв”Җв”Җв”Җв”Җв”Җв”Җв”Җв”Җв”Җв”Җв”Җв”Җв”Җв”Җв”Җв”Җв”Җв”Җв”Җв”Җв”Җв”Җв”Җв”ҳ
      в”ңв”Җ"docs/sync_to_md.ml":23:73
      в”ңв”Җв”¬в”Җв”Җв”Җв”Җв”Җв”Җв”Җв”Җв”Җв”Җв”Җв”Җв”Җв”Җв”Җв”Җв”Җв”Җв”Җв”Җв”Җв”Җв”Җв”Җв”Җв”Җв”Җв”Җв”Җв”Җв”Җв”Җв”Җв”җInserted in current run
      в”Ӯ в”Ӯ<function -- branch 1> :: (x, xs)в”Ӯ
      в”Ӯ в””в”Җв”Җв”Җв”Җв”Җв”Җв”Җв”Җв”Җв”Җв”Җв”Җв”Җв”Җв”Җв”Җв”Җв”Җв”Җв”Җв”Җв”Җв”Җв”Җв”Җв”Җв”Җв”Җв”Җв”Җв”Җв”Җв”Җв”ҳ
      в”ңв”Җв”¬в”Җв”Җв”Җв”Җв”Җв”җInserted in current run
      в”Ӯ в”Ӯx = 4в”Ӯ
      в”Ӯ в””в”Җв”Җв”Җв”Җв”Җв”ҳ
      в”ңв”Җxs
      в””в”Җfoo = 0
        в”ңв”Җ"docs/sync_to_md.ml":23:58
        в””в”Җ<function -- branch 0> []
